#-----------------------------------------------------------
# Vivado v2017.2 (64-bit)
# SW Build 1909853 on Thu Jun 15 18:39:09 MDT 2017
# IP Build 1909766 on Thu Jun 15 19:58:00 MDT 2017
# Start of session at: Fri Oct 20 11:09:08 2017
# Process ID: 8920
# Current directory: C:/Users/rsolorza/Desktop/Experiment-7-master
# Command line: vivado.exe -gui_launcher_event rodinguilauncherevent11204 C:\Users\rsolorza\Desktop\Experiment-7-master\Experiment 7.xpr
# Log file: C:/Users/rsolorza/Desktop/Experiment-7-master/vivado.log
# Journal file: C:/Users/rsolorza/Desktop/Experiment-7-master\vivado.jou
#-----------------------------------------------------------
start_gui
open_project {C:/Users/rsolorza/Desktop/Experiment-7-master/Experiment 7.xpr}
INFO: [Project 1-313] Project file moved from 'C:/Users/rhino/OneDrive/Documents/CPE 233/Experiment-7' since last save.
Scanning sources...
Finished scanning sources
WARNING: [filemgmt 56-2] IPUserFilesDir: Could not find the directory 'C:/Users/rsolorza/Desktop/Experiment-7-master/Experiment 7.ip_user_files', nor could it be found using path 'C:/Users/rhino/OneDrive/Documents/CPE 233/Experiment-7/Experiment 7.ip_user_files'.
INFO: [IP_Flow 19-234] Refreshing IP repositories
INFO: [IP_Flow 19-1704] No user IP repositories specified
INFO: [IP_Flow 19-2313] Loaded Vivado IP repository 'C:/Xilinx/Vivado/2017.2/data/ip'.
update_compile_order -fileset sources_1
file mkdir C:/Users/rsolorza/Desktop/Experiment-7-master/Experiment 7.srcs/sim_1/new
file mkdir C:/Users/rsolorza/Desktop/Experiment-7-master/Experiment 7.srcs/sim_1/new
file mkdir C:/Users/rsolorza/Desktop/Experiment-7-master/Experiment 7.srcs/sim_1/new
file mkdir C:/Users/rsolorza/Desktop/Experiment-7-master/Experiment 7.srcs/sim_1/new
file mkdir C:/Users/rsolorza/Desktop/Experiment-7-master/Experiment 7.srcs/sim_1/new
set_property SOURCE_SET sources_1 [get_filesets sim_1]
file mkdir C:/Users/rsolorza/Desktop/Experiment-7-master/Experiment 7.srcs/sim_1/new
file mkdir {C:/Users/rsolorza/Desktop/Experiment-7-master/Experiment 7.srcs/sim_1/new}
close [ open {C:/Users/rsolorza/Desktop/Experiment-7-master/Experiment 7.srcs/sim_1/new/testbench_exp7.vhd} w ]
add_files -fileset sim_1 {{C:/Users/rsolorza/Desktop/Experiment-7-master/Experiment 7.srcs/sim_1/new/testbench_exp7.vhd}}
update_compile_order -fileset sim_1
update_compile_order -fileset sources_1
close [ open {C:/Users/rsolorza/Desktop/Experiment-7-master/Experiment 7.srcs/sources_1/new/Flags.vhd} w ]
add_files {{C:/Users/rsolorza/Desktop/Experiment-7-master/Experiment 7.srcs/sources_1/new/Flags.vhd}}
update_compile_order -fileset sources_1
update_compile_order -fileset sources_1
update_compile_order -fileset sources_1
update_compile_order -fileset sources_1
update_compile_order -fileset sources_1
update_compile_order -fileset sources_1
update_compile_order -fileset sources_1
update_compile_order -fileset sources_1
launch_runs synth_1 -jobs 2
[Fri Oct 20 13:00:35 2017] Launched synth_1...
Run output will be captured here: C:/Users/rsolorza/Desktop/Experiment-7-master/Experiment 7.runs/synth_1/runme.log
reset_run synth_1
launch_runs synth_1 -jobs 2
[Fri Oct 20 13:02:22 2017] Launched synth_1...
Run output will be captured here: C:/Users/rsolorza/Desktop/Experiment-7-master/Experiment 7.runs/synth_1/runme.log
reset_run synth_1
launch_runs synth_1 -jobs 2
[Fri Oct 20 13:07:37 2017] Launched synth_1...
Run output will be captured here: C:/Users/rsolorza/Desktop/Experiment-7-master/Experiment 7.runs/synth_1/runme.log
reset_run synth_1
launch_runs synth_1 -jobs 2
[Fri Oct 20 13:09:02 2017] Launched synth_1...
Run output will be captured here: C:/Users/rsolorza/Desktop/Experiment-7-master/Experiment 7.runs/synth_1/runme.log
launch_runs impl_1 -jobs 2
[Fri Oct 20 13:09:44 2017] Launched impl_1...
Run output will be captured here: C:/Users/rsolorza/Desktop/Experiment-7-master/Experiment 7.runs/impl_1/runme.log
reset_run synth_1
launch_runs synth_1 -jobs 2
[Fri Oct 20 13:12:21 2017] Launched synth_1...
Run output will be captured here: C:/Users/rsolorza/Desktop/Experiment-7-master/Experiment 7.runs/synth_1/runme.log
launch_runs impl_1 -jobs 2
[Fri Oct 20 13:13:12 2017] Launched impl_1...
Run output will be captured here: C:/Users/rsolorza/Desktop/Experiment-7-master/Experiment 7.runs/impl_1/runme.log
reset_run synth_1
launch_runs synth_1 -jobs 2
[Fri Oct 20 13:14:02 2017] Launched synth_1...
Run output will be captured here: C:/Users/rsolorza/Desktop/Experiment-7-master/Experiment 7.runs/synth_1/runme.log
launch_runs impl_1 -jobs 2
[Fri Oct 20 13:14:37 2017] Launched impl_1...
Run output will be captured here: C:/Users/rsolorza/Desktop/Experiment-7-master/Experiment 7.runs/impl_1/runme.log
launch_runs impl_1 -to_step write_bitstream -jobs 2
[Fri Oct 20 13:15:31 2017] Launched impl_1...
Run output will be captured here: C:/Users/rsolorza/Desktop/Experiment-7-master/Experiment 7.runs/impl_1/runme.log
exit
INFO: [Common 17-206] Exiting Vivado at Fri Oct 20 13:16:26 2017...
